<?xml version="1.0" encoding="UTF-8"?>
<coverage generated="1603016129116" clover="3.2.0">
  <project timestamp="1603016129116" name="All files">
    <metrics statements="141" coveredstatements="137" conditionals="43" coveredconditionals="38" methods="33" coveredmethods="32" elements="217" coveredelements="207" complexity="0" loc="141" ncloc="141" packages="2" files="10" classes="10"/>
    <package name="src">
      <metrics statements="141" coveredstatements="137" conditionals="43" coveredconditionals="38" methods="33" coveredmethods="32"/>
      <file name="album.ts" path="/Users/romain/Documents/Code/current-project/album-timelines-vuejs/src/album.ts">
        <metrics statements="26" coveredstatements="24" conditionals="15" coveredconditionals="15" methods="6" coveredmethods="5"/>
        <line num="21" count="392" type="stmt"/>
        <line num="22" count="392" type="stmt"/>
        <line num="23" count="392" type="stmt"/>
        <line num="24" count="392" type="stmt"/>
        <line num="25" count="392" type="stmt"/>
        <line num="26" count="392" type="stmt"/>
        <line num="27" count="392" type="stmt"/>
        <line num="31" count="1032" type="stmt"/>
        <line num="32" count="392" type="cond" truecount="2" falsecount="0"/>
        <line num="39" count="294" type="stmt"/>
        <line num="40" count="294" type="stmt"/>
        <line num="42" count="98" type="stmt"/>
        <line num="47" count="392" type="cond" truecount="2" falsecount="0"/>
        <line num="51" count="646" type="stmt"/>
        <line num="52" count="646" type="stmt"/>
        <line num="53" count="646" type="stmt"/>
        <line num="54" count="646" type="stmt"/>
        <line num="55" count="646" type="stmt"/>
        <line num="56" count="646" type="stmt"/>
        <line num="57" count="646" type="stmt"/>
        <line num="58" count="646" type="stmt"/>
        <line num="64" count="646" type="cond" truecount="2" falsecount="0"/>
        <line num="65" count="646" type="cond" truecount="2" falsecount="0"/>
        <line num="66" count="646" type="stmt"/>
        <line num="70" count="0" type="stmt"/>
        <line num="72" count="0" type="stmt"/>
      </file>
      <file name="album_cover.ts" path="/Users/romain/Documents/Code/current-project/album-timelines-vuejs/src/album_cover.ts">
        <metrics statements="8" coveredstatements="8" conditionals="4" coveredconditionals="3" methods="2" coveredmethods="2"/>
        <line num="10" count="395" type="stmt"/>
        <line num="11" count="395" type="stmt"/>
        <line num="15" count="395" type="stmt"/>
        <line num="22" count="1" type="stmt"/>
        <line num="23" count="1" type="stmt"/>
        <line num="24" count="1" type="stmt"/>
        <line num="25" count="1" type="stmt"/>
        <line num="26" count="1" type="stmt"/>
      </file>
      <file name="artist.ts" path="/Users/romain/Documents/Code/current-project/album-timelines-vuejs/src/artist.ts">
        <metrics statements="59" coveredstatements="58" conditionals="18" coveredconditionals="16" methods="11" coveredmethods="11"/>
        <line num="26" count="15" type="stmt"/>
        <line num="27" count="15" type="stmt"/>
        <line num="28" count="15" type="stmt"/>
        <line num="29" count="15" type="stmt"/>
        <line num="30" count="15" type="stmt"/>
        <line num="31" count="15" type="stmt"/>
        <line num="32" count="15" type="stmt"/>
        <line num="36" count="14" type="stmt"/>
        <line num="37" count="386" type="stmt"/>
        <line num="38" count="386" type="stmt"/>
        <line num="39" count="386" type="cond" truecount="2" falsecount="0"/>
        <line num="41" count="14" type="stmt"/>
        <line num="42" count="14" type="stmt"/>
        <line num="46" count="4757" type="stmt"/>
        <line num="47" count="386" type="cond" truecount="2" falsecount="0"/>
        <line num="48" count="301" type="stmt"/>
        <line num="49" count="301" type="stmt"/>
        <line num="51" count="85" type="cond" truecount="2" falsecount="0"/>
        <line num="52" count="27" type="stmt"/>
        <line num="53" count="27" type="stmt"/>
        <line num="54" count="27" type="stmt"/>
        <line num="56" count="58" type="cond" truecount="1" falsecount="1"/>
        <line num="57" count="58" type="cond" truecount="2" falsecount="0"/>
        <line num="58" count="13" type="stmt"/>
        <line num="59" count="13" type="stmt"/>
        <line num="60" count="13" type="stmt"/>
        <line num="63" count="45" type="stmt"/>
        <line num="67" count="341" type="cond" truecount="2" falsecount="0"/>
        <line num="68" count="14" type="stmt"/>
        <line num="69" count="14" type="stmt"/>
        <line num="70" count="14" type="stmt"/>
        <line num="72" count="327" type="cond" truecount="2" falsecount="0"/>
        <line num="73" count="214" type="stmt"/>
        <line num="75" count="327" type="cond" truecount="1" falsecount="1"/>
        <line num="76" count="0" type="stmt"/>
        <line num="81" count="14" type="stmt"/>
        <line num="82" count="766" type="cond" truecount="2" falsecount="0"/>
        <line num="83" count="108" type="stmt"/>
        <line num="85" count="658" type="stmt"/>
        <line num="90" count="21" type="stmt"/>
        <line num="91" count="21" type="stmt"/>
        <line num="92" count="21" type="stmt"/>
        <line num="93" count="21" type="stmt"/>
        <line num="94" count="21" type="stmt"/>
        <line num="95" count="21" type="stmt"/>
        <line num="96" count="21" type="stmt"/>
        <line num="100" count="21" type="stmt"/>
        <line num="101" count="21" type="stmt"/>
        <line num="102" count="21" type="stmt"/>
        <line num="103" count="21" type="stmt"/>
        <line num="104" count="21" type="stmt"/>
        <line num="105" count="21" type="stmt"/>
        <line num="109" count="21" type="stmt"/>
        <line num="110" count="21" type="stmt"/>
        <line num="111" count="21" type="stmt"/>
        <line num="112" count="21" type="stmt"/>
        <line num="115" count="21" type="stmt"/>
        <line num="116" count="644" type="stmt"/>
        <line num="118" count="21" type="stmt"/>
      </file>
      <file name="helpers.ts" path="/Users/romain/Documents/Code/current-project/album-timelines-vuejs/src/helpers.ts">
        <metrics statements="1" coveredstatements="1" conditionals="0" coveredconditionals="0" methods="1" coveredmethods="1"/>
        <line num="2" count="23" type="stmt"/>
      </file>
      <file name="style.ts" path="/Users/romain/Documents/Code/current-project/album-timelines-vuejs/src/style.ts">
        <metrics statements="4" coveredstatements="4" conditionals="0" coveredconditionals="0" methods="0" coveredmethods="0"/>
        <line num="1" count="3" type="stmt"/>
        <line num="2" count="3" type="stmt"/>
        <line num="3" count="3" type="stmt"/>
        <line num="5" count="3" type="stmt"/>
      </file>
      <file name="timelines.ts" path="/Users/romain/Documents/Code/current-project/album-timelines-vuejs/src/timelines.ts">
        <metrics statements="43" coveredstatements="42" conditionals="6" coveredconditionals="4" methods="13" coveredmethods="13"/>
        <line num="14" count="9" type="stmt"/>
        <line num="15" count="9" type="stmt"/>
        <line num="16" count="9" type="stmt"/>
        <line num="20" count="8" type="stmt"/>
        <line num="21" count="16" type="stmt"/>
        <line num="22" count="16" type="stmt"/>
        <line num="24" count="8" type="stmt"/>
        <line num="28" count="16" type="cond" truecount="2" falsecount="0"/>
        <line num="29" count="8" type="stmt"/>
        <line num="30" count="8" type="stmt"/>
        <line num="31" count="8" type="stmt"/>
        <line num="33" count="8" type="cond" truecount="1" falsecount="1"/>
        <line num="34" count="0" type="stmt"/>
        <line num="36" count="8" type="cond" truecount="1" falsecount="1"/>
        <line num="37" count="8" type="stmt"/>
        <line num="42" count="7" type="stmt"/>
        <line num="43" count="7" type="stmt"/>
        <line num="44" count="7" type="stmt"/>
        <line num="45" count="7" type="stmt"/>
        <line num="46" count="7" type="stmt"/>
        <line num="47" count="7" type="stmt"/>
        <line num="48" count="14" type="stmt"/>
        <line num="50" count="7" type="stmt"/>
        <line num="51" count="7" type="stmt"/>
        <line num="55" count="7" type="stmt"/>
        <line num="56" count="7" type="stmt"/>
        <line num="57" count="7" type="stmt"/>
        <line num="58" count="7" type="stmt"/>
        <line num="59" count="7" type="stmt"/>
        <line num="60" count="366" type="stmt"/>
        <line num="61" count="366" type="stmt"/>
        <line num="63" count="7" type="stmt"/>
        <line num="67" count="7" type="stmt"/>
        <line num="68" count="7" type="stmt"/>
        <line num="69" count="7" type="stmt"/>
        <line num="73" count="366" type="stmt"/>
        <line num="74" count="366" type="stmt"/>
        <line num="75" count="366" type="stmt"/>
        <line num="76" count="366" type="stmt"/>
        <line num="81" count="7" type="stmt"/>
        <line num="82" count="7" type="stmt"/>
        <line num="84" count="366" type="stmt"/>
        <line num="89" count="7" type="stmt"/>
      </file>
    </package>
    <package name="src.data">
      <metrics statements="0" coveredstatements="0" conditionals="0" coveredconditionals="0" methods="0" coveredmethods="0"/>
      <file name="beatles_albums.ts" path="/Users/romain/Documents/Code/current-project/album-timelines-vuejs/src/data/beatles_albums.ts">
        <metrics statements="0" coveredstatements="0" conditionals="0" coveredconditionals="0" methods="0" coveredmethods="0"/>
      </file>
      <file name="beatles_artists.ts" path="/Users/romain/Documents/Code/current-project/album-timelines-vuejs/src/data/beatles_artists.ts">
        <metrics statements="0" coveredstatements="0" conditionals="0" coveredconditionals="0" methods="0" coveredmethods="0"/>
      </file>
      <file name="rolling_stones_albums.ts" path="/Users/romain/Documents/Code/current-project/album-timelines-vuejs/src/data/rolling_stones_albums.ts">
        <metrics statements="0" coveredstatements="0" conditionals="0" coveredconditionals="0" methods="0" coveredmethods="0"/>
      </file>
      <file name="rolling_stones_artists.ts" path="/Users/romain/Documents/Code/current-project/album-timelines-vuejs/src/data/rolling_stones_artists.ts">
        <metrics statements="0" coveredstatements="0" conditionals="0" coveredconditionals="0" methods="0" coveredmethods="0"/>
      </file>
    </package>
  </project>
</coverage>
