{"/Users/romain/Documents/Code/current-project/album-timelines-vuejs/src/album.ts": {"path":"/Users/romain/Documents/Code/current-project/album-timelines-vuejs/src/album.ts","statementMap":{"0":{"start":{"line":21,"column":4},"end":{"line":21,"column":30}},"1":{"start":{"line":22,"column":4},"end":{"line":22,"column":50}},"2":{"start":{"line":23,"column":4},"end":{"line":23,"column":72}},"3":{"start":{"line":24,"column":4},"end":{"line":24,"column":72}},"4":{"start":{"line":25,"column":4},"end":{"line":25,"column":39}},"5":{"start":{"line":26,"column":4},"end":{"line":26,"column":54}},"6":{"start":{"line":27,"column":4},"end":{"line":27,"column":16}},"7":{"start":{"line":31,"column":14},"end":{"line":31,"column":50}},"8":{"start":{"line":31,"column":48},"end":{"line":31,"column":49}},"9":{"start":{"line":32,"column":4},"end":{"line":43,"column":5}},"10":{"start":{"line":39,"column":6},"end":{"line":39,"column":16}},"11":{"start":{"line":40,"column":6},"end":{"line":40,"column":31}},"12":{"start":{"line":42,"column":6},"end":{"line":42,"column":18}},"13":{"start":{"line":47,"column":4},"end":{"line":47,"column":76}},"14":{"start":{"line":51,"column":20},"end":{"line":51,"column":47}},"15":{"start":{"line":52,"column":4},"end":{"line":52,"column":27}},"16":{"start":{"line":53,"column":4},"end":{"line":53,"column":73}},"17":{"start":{"line":54,"column":4},"end":{"line":54,"column":59}},"18":{"start":{"line":55,"column":4},"end":{"line":55,"column":37}},"19":{"start":{"line":56,"column":4},"end":{"line":56,"column":70}},"20":{"start":{"line":57,"column":4},"end":{"line":57,"column":42}},"21":{"start":{"line":58,"column":4},"end":{"line":62,"column":11}},"22":{"start":{"line":64,"column":4},"end":{"line":64,"column":52}},"23":{"start":{"line":65,"column":4},"end":{"line":65,"column":55}},"24":{"start":{"line":66,"column":4},"end":{"line":66,"column":21}},"25":{"start":{"line":70,"column":19},"end":{"line":70,"column":46}},"26":{"start":{"line":72,"column":4},"end":{"line":72,"column":20}}},"fnMap":{"0":{"name":"(anonymous_0)","decl":{"start":{"line":20,"column":2},"end":{"line":20,"column":3}},"loc":{"start":{"line":20,"column":43},"end":{"line":28,"column":3}},"line":20},"1":{"name":"(anonymous_1)","decl":{"start":{"line":30,"column":2},"end":{"line":30,"column":3}},"loc":{"start":{"line":30,"column":34},"end":{"line":44,"column":3}},"line":30},"2":{"name":"(anonymous_2)","decl":{"start":{"line":31,"column":41},"end":{"line":31,"column":42}},"loc":{"start":{"line":31,"column":48},"end":{"line":31,"column":49}},"line":31},"3":{"name":"(anonymous_3)","decl":{"start":{"line":46,"column":2},"end":{"line":46,"column":3}},"loc":{"start":{"line":46,"column":55},"end":{"line":48,"column":3}},"line":46},"4":{"name":"(anonymous_4)","decl":{"start":{"line":50,"column":2},"end":{"line":50,"column":3}},"loc":{"start":{"line":50,"column":61},"end":{"line":67,"column":3}},"line":50},"5":{"name":"(anonymous_5)","decl":{"start":{"line":69,"column":2},"end":{"line":69,"column":3}},"loc":{"start":{"line":69,"column":15},"end":{"line":73,"column":3}},"line":69}},"branchMap":{"0":{"loc":{"start":{"line":32,"column":4},"end":{"line":43,"column":5}},"type":"if","locations":[{"start":{"line":32,"column":4},"end":{"line":43,"column":5}},{"start":{"line":32,"column":4},"end":{"line":43,"column":5}}],"line":32},"1":{"loc":{"start":{"line":33,"column":6},"end":{"line":37,"column":59}},"type":"binary-expr","locations":[{"start":{"line":33,"column":6},"end":{"line":33,"column":58}},{"start":{"line":34,"column":6},"end":{"line":34,"column":60}},{"start":{"line":35,"column":6},"end":{"line":35,"column":61}},{"start":{"line":36,"column":6},"end":{"line":36,"column":59}},{"start":{"line":37,"column":6},"end":{"line":37,"column":59}}],"line":33},"2":{"loc":{"start":{"line":47,"column":11},"end":{"line":47,"column":75}},"type":"cond-expr","locations":[{"start":{"line":47,"column":37},"end":{"line":47,"column":38}},{"start":{"line":47,"column":41},"end":{"line":47,"column":75}}],"line":47},"3":{"loc":{"start":{"line":61,"column":7},"end":{"line":61,"column":22}},"type":"cond-expr","locations":[{"start":{"line":61,"column":16},"end":{"line":61,"column":17}},{"start":{"line":61,"column":20},"end":{"line":61,"column":22}}],"line":61},"4":{"loc":{"start":{"line":64,"column":32},"end":{"line":64,"column":51}},"type":"cond-expr","locations":[{"start":{"line":64,"column":41},"end":{"line":64,"column":46}},{"start":{"line":64,"column":49},"end":{"line":64,"column":51}}],"line":64},"5":{"loc":{"start":{"line":65,"column":35},"end":{"line":65,"column":54}},"type":"cond-expr","locations":[{"start":{"line":65,"column":44},"end":{"line":65,"column":46}},{"start":{"line":65,"column":49},"end":{"line":65,"column":54}}],"line":65}},"s":{"0":392,"1":392,"2":392,"3":392,"4":392,"5":392,"6":392,"7":392,"8":1032,"9":392,"10":294,"11":294,"12":98,"13":392,"14":646,"15":646,"16":646,"17":646,"18":646,"19":646,"20":646,"21":646,"22":646,"23":646,"24":646,"25":0,"26":0},"f":{"0":392,"1":392,"2":1032,"3":392,"4":646,"5":0},"b":{"0":[294,98],"1":[392,331,109,103,101],"2":[1,391],"3":[331,315],"4":[331,315],"5":[331,315]},"_coverageSchema":"1a1c01bbd47fc00a2c39e90264f33305004495a9","hash":"5d9ac07b7444b6539e0e71433a1c7ed05fceae0a"}
,"/Users/romain/Documents/Code/current-project/album-timelines-vuejs/src/album_cover.ts": {"path":"/Users/romain/Documents/Code/current-project/album-timelines-vuejs/src/album_cover.ts","statementMap":{"0":{"start":{"line":10,"column":4},"end":{"line":10,"column":47}},"1":{"start":{"line":11,"column":4},"end":{"line":14,"column":37}},"2":{"start":{"line":15,"column":4},"end":{"line":18,"column":37}},"3":{"start":{"line":22,"column":25},"end":{"line":22,"column":54}},"4":{"start":{"line":23,"column":4},"end":{"line":23,"column":40}},"5":{"start":{"line":24,"column":4},"end":{"line":24,"column":31}},"6":{"start":{"line":25,"column":4},"end":{"line":25,"column":30}},"7":{"start":{"line":26,"column":4},"end":{"line":26,"column":26}}},"fnMap":{"0":{"name":"(anonymous_0)","decl":{"start":{"line":9,"column":2},"end":{"line":9,"column":3}},"loc":{"start":{"line":9,"column":62},"end":{"line":19,"column":3}},"line":9},"1":{"name":"(anonymous_1)","decl":{"start":{"line":21,"column":2},"end":{"line":21,"column":3}},"loc":{"start":{"line":21,"column":11},"end":{"line":27,"column":3}},"line":21}},"branchMap":{"0":{"loc":{"start":{"line":12,"column":6},"end":{"line":14,"column":36}},"type":"cond-expr","locations":[{"start":{"line":13,"column":10},"end":{"line":13,"column":23}},{"start":{"line":14,"column":10},"end":{"line":14,"column":36}}],"line":12},"1":{"loc":{"start":{"line":16,"column":6},"end":{"line":18,"column":36}},"type":"cond-expr","locations":[{"start":{"line":17,"column":10},"end":{"line":17,"column":24}},{"start":{"line":18,"column":10},"end":{"line":18,"column":36}}],"line":16}},"s":{"0":395,"1":395,"2":395,"3":1,"4":1,"5":1,"6":1,"7":1},"f":{"0":395,"1":1},"b":{"0":[0,395],"1":[15,380]},"_coverageSchema":"1a1c01bbd47fc00a2c39e90264f33305004495a9","hash":"95e02ad6333223dc717ae1798d2112894ef9ab8a"}
,"/Users/romain/Documents/Code/current-project/album-timelines-vuejs/src/artist.ts": {"path":"/Users/romain/Documents/Code/current-project/album-timelines-vuejs/src/artist.ts","statementMap":{"0":{"start":{"line":26,"column":4},"end":{"line":26,"column":31}},"1":{"start":{"line":27,"column":4},"end":{"line":27,"column":35}},"2":{"start":{"line":28,"column":4},"end":{"line":28,"column":40}},"3":{"start":{"line":29,"column":4},"end":{"line":29,"column":48}},"4":{"start":{"line":30,"column":4},"end":{"line":30,"column":26}},"5":{"start":{"line":31,"column":4},"end":{"line":31,"column":33}},"6":{"start":{"line":32,"column":4},"end":{"line":32,"column":31}},"7":{"start":{"line":36,"column":4},"end":{"line":40,"column":5}},"8":{"start":{"line":36,"column":17},"end":{"line":36,"column":18}},"9":{"start":{"line":37,"column":18},"end":{"line":37,"column":50}},"10":{"start":{"line":38,"column":23},"end":{"line":38,"column":61}},"11":{"start":{"line":39,"column":6},"end":{"line":39,"column":59}},"12":{"start":{"line":39,"column":22},"end":{"line":39,"column":59}},"13":{"start":{"line":41,"column":4},"end":{"line":41,"column":42}},"14":{"start":{"line":42,"column":4},"end":{"line":42,"column":16}},"15":{"start":{"line":46,"column":20},"end":{"line":46,"column":75}},"16":{"start":{"line":46,"column":54},"end":{"line":46,"column":74}},"17":{"start":{"line":47,"column":4},"end":{"line":50,"column":5}},"18":{"start":{"line":48,"column":6},"end":{"line":48,"column":35}},"19":{"start":{"line":49,"column":6},"end":{"line":49,"column":18}},"20":{"start":{"line":51,"column":4},"end":{"line":55,"column":5}},"21":{"start":{"line":52,"column":6},"end":{"line":52,"column":44}},"22":{"start":{"line":53,"column":6},"end":{"line":53,"column":35}},"23":{"start":{"line":54,"column":6},"end":{"line":54,"column":18}},"24":{"start":{"line":56,"column":4},"end":{"line":62,"column":5}},"25":{"start":{"line":57,"column":6},"end":{"line":61,"column":7}},"26":{"start":{"line":58,"column":8},"end":{"line":58,"column":46}},"27":{"start":{"line":59,"column":8},"end":{"line":59,"column":37}},"28":{"start":{"line":60,"column":8},"end":{"line":60,"column":20}},"29":{"start":{"line":63,"column":4},"end":{"line":63,"column":17}},"30":{"start":{"line":67,"column":4},"end":{"line":71,"column":5}},"31":{"start":{"line":68,"column":6},"end":{"line":68,"column":51}},"32":{"start":{"line":69,"column":6},"end":{"line":69,"column":49}},"33":{"start":{"line":70,"column":6},"end":{"line":70,"column":13}},"34":{"start":{"line":72,"column":4},"end":{"line":74,"column":5}},"35":{"start":{"line":73,"column":6},"end":{"line":73,"column":51}},"36":{"start":{"line":75,"column":4},"end":{"line":77,"column":5}},"37":{"start":{"line":76,"column":6},"end":{"line":76,"column":49}},"38":{"start":{"line":81,"column":4},"end":{"line":86,"column":7}},"39":{"start":{"line":82,"column":6},"end":{"line":84,"column":7}},"40":{"start":{"line":83,"column":8},"end":{"line":83,"column":47}},"41":{"start":{"line":85,"column":6},"end":{"line":85,"column":43}},"42":{"start":{"line":90,"column":21},"end":{"line":90,"column":50}},"43":{"start":{"line":91,"column":4},"end":{"line":91,"column":28}},"44":{"start":{"line":92,"column":4},"end":{"line":92,"column":59}},"45":{"start":{"line":93,"column":4},"end":{"line":93,"column":48}},"46":{"start":{"line":94,"column":4},"end":{"line":94,"column":56}},"47":{"start":{"line":95,"column":4},"end":{"line":95,"column":75}},"48":{"start":{"line":96,"column":4},"end":{"line":96,"column":22}},"49":{"start":{"line":100,"column":25},"end":{"line":100,"column":54}},"50":{"start":{"line":101,"column":4},"end":{"line":101,"column":43}},"51":{"start":{"line":102,"column":4},"end":{"line":102,"column":62}},"52":{"start":{"line":103,"column":4},"end":{"line":103,"column":124}},"53":{"start":{"line":104,"column":4},"end":{"line":104,"column":60}},"54":{"start":{"line":105,"column":4},"end":{"line":105,"column":26}},"55":{"start":{"line":109,"column":26},"end":{"line":109,"column":55}},"56":{"start":{"line":110,"column":4},"end":{"line":110,"column":51}},"57":{"start":{"line":111,"column":4},"end":{"line":111,"column":59}},"58":{"start":{"line":112,"column":4},"end":{"line":114,"column":11}},"59":{"start":{"line":115,"column":4},"end":{"line":117,"column":7}},"60":{"start":{"line":116,"column":6},"end":{"line":116,"column":74}},"61":{"start":{"line":118,"column":4},"end":{"line":118,"column":27}}},"fnMap":{"0":{"name":"(anonymous_0)","decl":{"start":{"line":25,"column":2},"end":{"line":25,"column":3}},"loc":{"start":{"line":25,"column":45},"end":{"line":33,"column":3}},"line":25},"1":{"name":"(anonymous_1)","decl":{"start":{"line":35,"column":2},"end":{"line":35,"column":3}},"loc":{"start":{"line":35,"column":67},"end":{"line":43,"column":3}},"line":35},"2":{"name":"(anonymous_2)","decl":{"start":{"line":45,"column":2},"end":{"line":45,"column":3}},"loc":{"start":{"line":45,"column":60},"end":{"line":64,"column":3}},"line":45},"3":{"name":"(anonymous_3)","decl":{"start":{"line":46,"column":47},"end":{"line":46,"column":48}},"loc":{"start":{"line":46,"column":54},"end":{"line":46,"column":74}},"line":46},"4":{"name":"(anonymous_4)","decl":{"start":{"line":66,"column":2},"end":{"line":66,"column":3}},"loc":{"start":{"line":66,"column":49},"end":{"line":78,"column":3}},"line":66},"5":{"name":"(anonymous_5)","decl":{"start":{"line":80,"column":2},"end":{"line":80,"column":3}},"loc":{"start":{"line":80,"column":43},"end":{"line":87,"column":3}},"line":80},"6":{"name":"(anonymous_6)","decl":{"start":{"line":81,"column":26},"end":{"line":81,"column":27}},"loc":{"start":{"line":81,"column":58},"end":{"line":86,"column":5}},"line":81},"7":{"name":"(anonymous_7)","decl":{"start":{"line":89,"column":2},"end":{"line":89,"column":3}},"loc":{"start":{"line":89,"column":44},"end":{"line":97,"column":3}},"line":89},"8":{"name":"(anonymous_8)","decl":{"start":{"line":99,"column":2},"end":{"line":99,"column":3}},"loc":{"start":{"line":99,"column":46},"end":{"line":106,"column":3}},"line":99},"9":{"name":"(anonymous_9)","decl":{"start":{"line":108,"column":2},"end":{"line":108,"column":3}},"loc":{"start":{"line":108,"column":73},"end":{"line":119,"column":3}},"line":108},"10":{"name":"(anonymous_10)","decl":{"start":{"line":115,"column":29},"end":{"line":115,"column":30}},"loc":{"start":{"line":115,"column":43},"end":{"line":117,"column":5}},"line":115}},"branchMap":{"0":{"loc":{"start":{"line":39,"column":6},"end":{"line":39,"column":59}},"type":"if","locations":[{"start":{"line":39,"column":6},"end":{"line":39,"column":59}},{"start":{"line":39,"column":6},"end":{"line":39,"column":59}}],"line":39},"1":{"loc":{"start":{"line":47,"column":4},"end":{"line":50,"column":5}},"type":"if","locations":[{"start":{"line":47,"column":4},"end":{"line":50,"column":5}},{"start":{"line":47,"column":4},"end":{"line":50,"column":5}}],"line":47},"2":{"loc":{"start":{"line":51,"column":4},"end":{"line":55,"column":5}},"type":"if","locations":[{"start":{"line":51,"column":4},"end":{"line":55,"column":5}},{"start":{"line":51,"column":4},"end":{"line":55,"column":5}}],"line":51},"3":{"loc":{"start":{"line":56,"column":4},"end":{"line":62,"column":5}},"type":"if","locations":[{"start":{"line":56,"column":4},"end":{"line":62,"column":5}},{"start":{"line":56,"column":4},"end":{"line":62,"column":5}}],"line":56},"4":{"loc":{"start":{"line":57,"column":6},"end":{"line":61,"column":7}},"type":"if","locations":[{"start":{"line":57,"column":6},"end":{"line":61,"column":7}},{"start":{"line":57,"column":6},"end":{"line":61,"column":7}}],"line":57},"5":{"loc":{"start":{"line":67,"column":4},"end":{"line":71,"column":5}},"type":"if","locations":[{"start":{"line":67,"column":4},"end":{"line":71,"column":5}},{"start":{"line":67,"column":4},"end":{"line":71,"column":5}}],"line":67},"6":{"loc":{"start":{"line":72,"column":4},"end":{"line":74,"column":5}},"type":"if","locations":[{"start":{"line":72,"column":4},"end":{"line":74,"column":5}},{"start":{"line":72,"column":4},"end":{"line":74,"column":5}}],"line":72},"7":{"loc":{"start":{"line":75,"column":4},"end":{"line":77,"column":5}},"type":"if","locations":[{"start":{"line":75,"column":4},"end":{"line":77,"column":5}},{"start":{"line":75,"column":4},"end":{"line":77,"column":5}}],"line":75},"8":{"loc":{"start":{"line":82,"column":6},"end":{"line":84,"column":7}},"type":"if","locations":[{"start":{"line":82,"column":6},"end":{"line":84,"column":7}},{"start":{"line":82,"column":6},"end":{"line":84,"column":7}}],"line":82}},"s":{"0":15,"1":15,"2":15,"3":15,"4":15,"5":15,"6":15,"7":14,"8":14,"9":386,"10":386,"11":386,"12":341,"13":14,"14":14,"15":386,"16":4757,"17":386,"18":301,"19":301,"20":85,"21":27,"22":27,"23":27,"24":58,"25":58,"26":13,"27":13,"28":13,"29":45,"30":341,"31":14,"32":14,"33":14,"34":327,"35":214,"36":327,"37":0,"38":14,"39":766,"40":108,"41":658,"42":21,"43":21,"44":21,"45":21,"46":21,"47":21,"48":21,"49":21,"50":21,"51":21,"52":21,"53":21,"54":21,"55":21,"56":21,"57":21,"58":21,"59":21,"60":644,"61":21},"f":{"0":15,"1":14,"2":386,"3":4757,"4":341,"5":14,"6":766,"7":21,"8":21,"9":21,"10":644},"b":{"0":[341,45],"1":[301,85],"2":[27,58],"3":[58,0],"4":[13,45],"5":[14,327],"6":[214,113],"7":[0,327],"8":[108,658]},"_coverageSchema":"1a1c01bbd47fc00a2c39e90264f33305004495a9","hash":"fef374088a703ebb8c29f7b41b2976f1dfe8aeb4"}
,"/Users/romain/Documents/Code/current-project/album-timelines-vuejs/src/helpers.ts": {"path":"/Users/romain/Documents/Code/current-project/album-timelines-vuejs/src/helpers.ts","statementMap":{"0":{"start":{"line":2,"column":2},"end":{"line":2,"column":48}}},"fnMap":{"0":{"name":"normalizeString","decl":{"start":{"line":1,"column":16},"end":{"line":1,"column":31}},"loc":{"start":{"line":1,"column":45},"end":{"line":3,"column":1}},"line":1}},"branchMap":{},"s":{"0":23},"f":{"0":23},"b":{},"_coverageSchema":"1a1c01bbd47fc00a2c39e90264f33305004495a9","hash":"843698e222b2d62723cffc2939948fdb36887920"}
,"/Users/romain/Documents/Code/current-project/album-timelines-vuejs/src/style.ts": {"path":"/Users/romain/Documents/Code/current-project/album-timelines-vuejs/src/style.ts","statementMap":{"0":{"start":{"line":1,"column":38},"end":{"line":1,"column":41}},"1":{"start":{"line":2,"column":38},"end":{"line":2,"column":41}},"2":{"start":{"line":3,"column":27},"end":{"line":3,"column":29}},"3":{"start":{"line":5,"column":30},"end":{"line":5,"column":31}}},"fnMap":{},"branchMap":{},"s":{"0":3,"1":3,"2":3,"3":3},"f":{},"b":{},"_coverageSchema":"1a1c01bbd47fc00a2c39e90264f33305004495a9","hash":"a75e8242aa45cf5b30048a09bf5015b5c9525600"}
,"/Users/romain/Documents/Code/current-project/album-timelines-vuejs/src/timelines.ts": {"path":"/Users/romain/Documents/Code/current-project/album-timelines-vuejs/src/timelines.ts","statementMap":{"0":{"start":{"line":14,"column":4},"end":{"line":14,"column":22}},"1":{"start":{"line":15,"column":4},"end":{"line":15,"column":33}},"2":{"start":{"line":16,"column":4},"end":{"line":16,"column":31}},"3":{"start":{"line":20,"column":4},"end":{"line":23,"column":7}},"4":{"start":{"line":21,"column":6},"end":{"line":21,"column":32}},"5":{"start":{"line":22,"column":6},"end":{"line":22,"column":48}},"6":{"start":{"line":24,"column":4},"end":{"line":24,"column":16}},"7":{"start":{"line":28,"column":4},"end":{"line":32,"column":5}},"8":{"start":{"line":29,"column":6},"end":{"line":29,"column":60}},"9":{"start":{"line":30,"column":6},"end":{"line":30,"column":56}},"10":{"start":{"line":31,"column":6},"end":{"line":31,"column":13}},"11":{"start":{"line":33,"column":4},"end":{"line":35,"column":5}},"12":{"start":{"line":34,"column":6},"end":{"line":34,"column":60}},"13":{"start":{"line":36,"column":4},"end":{"line":38,"column":5}},"14":{"start":{"line":37,"column":6},"end":{"line":37,"column":56}},"15":{"start":{"line":42,"column":24},"end":{"line":42,"column":53}},"16":{"start":{"line":43,"column":4},"end":{"line":43,"column":35}},"17":{"start":{"line":44,"column":4},"end":{"line":44,"column":41}},"18":{"start":{"line":45,"column":4},"end":{"line":45,"column":45}},"19":{"start":{"line":46,"column":4},"end":{"line":46,"column":65}},"20":{"start":{"line":47,"column":4},"end":{"line":49,"column":7}},"21":{"start":{"line":48,"column":6},"end":{"line":48,"column":73}},"22":{"start":{"line":50,"column":4},"end":{"line":50,"column":57}},"23":{"start":{"line":51,"column":4},"end":{"line":51,"column":25}},"24":{"start":{"line":55,"column":21},"end":{"line":55,"column":50}},"25":{"start":{"line":56,"column":4},"end":{"line":56,"column":40}},"26":{"start":{"line":57,"column":4},"end":{"line":57,"column":44}},"27":{"start":{"line":58,"column":4},"end":{"line":58,"column":60}},"28":{"start":{"line":59,"column":4},"end":{"line":62,"column":7}},"29":{"start":{"line":60,"column":23},"end":{"line":60,"column":59}},"30":{"start":{"line":61,"column":6},"end":{"line":61,"column":37}},"31":{"start":{"line":63,"column":4},"end":{"line":63,"column":20}},"32":{"start":{"line":67,"column":26},"end":{"line":67,"column":55}},"33":{"start":{"line":68,"column":4},"end":{"line":68,"column":59}},"34":{"start":{"line":69,"column":4},"end":{"line":69,"column":25}},"35":{"start":{"line":73,"column":21},"end":{"line":73,"column":50}},"36":{"start":{"line":74,"column":4},"end":{"line":74,"column":43}},"37":{"start":{"line":75,"column":4},"end":{"line":75,"column":49}},"38":{"start":{"line":76,"column":4},"end":{"line":76,"column":20}},"39":{"start":{"line":81,"column":6},"end":{"line":81,"column":76}},"40":{"start":{"line":82,"column":4},"end":{"line":85,"column":6}},"41":{"start":{"line":84,"column":16},"end":{"line":84,"column":44}},"42":{"start":{"line":89,"column":4},"end":{"line":97,"column":6}}},"fnMap":{"0":{"name":"(anonymous_0)","decl":{"start":{"line":13,"column":2},"end":{"line":13,"column":3}},"loc":{"start":{"line":13,"column":16},"end":{"line":17,"column":3}},"line":13},"1":{"name":"(anonymous_1)","decl":{"start":{"line":19,"column":2},"end":{"line":19,"column":3}},"loc":{"start":{"line":19,"column":48},"end":{"line":25,"column":3}},"line":19},"2":{"name":"(anonymous_2)","decl":{"start":{"line":20,"column":20},"end":{"line":20,"column":21}},"loc":{"start":{"line":20,"column":32},"end":{"line":23,"column":5}},"line":20},"3":{"name":"(anonymous_3)","decl":{"start":{"line":27,"column":2},"end":{"line":27,"column":3}},"loc":{"start":{"line":27,"column":55},"end":{"line":39,"column":3}},"line":27},"4":{"name":"(anonymous_4)","decl":{"start":{"line":41,"column":2},"end":{"line":41,"column":3}},"loc":{"start":{"line":41,"column":24},"end":{"line":52,"column":3}},"line":41},"5":{"name":"(anonymous_5)","decl":{"start":{"line":47,"column":25},"end":{"line":47,"column":26}},"loc":{"start":{"line":47,"column":37},"end":{"line":49,"column":5}},"line":47},"6":{"name":"(anonymous_6)","decl":{"start":{"line":54,"column":2},"end":{"line":54,"column":3}},"loc":{"start":{"line":54,"column":44},"end":{"line":64,"column":3}},"line":54},"7":{"name":"(anonymous_7)","decl":{"start":{"line":59,"column":38},"end":{"line":59,"column":39}},"loc":{"start":{"line":59,"column":48},"end":{"line":62,"column":5}},"line":59},"8":{"name":"(anonymous_8)","decl":{"start":{"line":66,"column":2},"end":{"line":66,"column":3}},"loc":{"start":{"line":66,"column":52},"end":{"line":70,"column":3}},"line":66},"9":{"name":"(anonymous_9)","decl":{"start":{"line":72,"column":2},"end":{"line":72,"column":3}},"loc":{"start":{"line":72,"column":63},"end":{"line":77,"column":3}},"line":72},"10":{"name":"(anonymous_10)","decl":{"start":{"line":79,"column":2},"end":{"line":79,"column":3}},"loc":{"start":{"line":79,"column":46},"end":{"line":86,"column":3}},"line":79},"11":{"name":"(anonymous_11)","decl":{"start":{"line":84,"column":6},"end":{"line":84,"column":7}},"loc":{"start":{"line":84,"column":16},"end":{"line":84,"column":44}},"line":84},"12":{"name":"(anonymous_12)","decl":{"start":{"line":88,"column":2},"end":{"line":88,"column":3}},"loc":{"start":{"line":88,"column":46},"end":{"line":98,"column":3}},"line":88}},"branchMap":{"0":{"loc":{"start":{"line":28,"column":4},"end":{"line":32,"column":5}},"type":"if","locations":[{"start":{"line":28,"column":4},"end":{"line":32,"column":5}},{"start":{"line":28,"column":4},"end":{"line":32,"column":5}}],"line":28},"1":{"loc":{"start":{"line":33,"column":4},"end":{"line":35,"column":5}},"type":"if","locations":[{"start":{"line":33,"column":4},"end":{"line":35,"column":5}},{"start":{"line":33,"column":4},"end":{"line":35,"column":5}}],"line":33},"2":{"loc":{"start":{"line":36,"column":4},"end":{"line":38,"column":5}},"type":"if","locations":[{"start":{"line":36,"column":4},"end":{"line":38,"column":5}},{"start":{"line":36,"column":4},"end":{"line":38,"column":5}}],"line":36}},"s":{"0":9,"1":9,"2":9,"3":8,"4":16,"5":16,"6":8,"7":16,"8":8,"9":8,"10":8,"11":8,"12":0,"13":8,"14":8,"15":7,"16":7,"17":7,"18":7,"19":7,"20":7,"21":14,"22":7,"23":7,"24":7,"25":7,"26":7,"27":7,"28":7,"29":366,"30":366,"31":7,"32":7,"33":7,"34":7,"35":366,"36":366,"37":366,"38":366,"39":7,"40":7,"41":366,"42":7},"f":{"0":9,"1":8,"2":16,"3":16,"4":7,"5":14,"6":7,"7":366,"8":7,"9":366,"10":7,"11":366,"12":7},"b":{"0":[8,8],"1":[0,8],"2":[8,0]},"_coverageSchema":"1a1c01bbd47fc00a2c39e90264f33305004495a9","hash":"4bfb5ccbba4d4ade689cb2bf03c3b0e68368b3b6"}
,"/Users/romain/Documents/Code/current-project/album-timelines-vuejs/src/data/beatles_albums.ts": {"path":"/Users/romain/Documents/Code/current-project/album-timelines-vuejs/src/data/beatles_albums.ts","statementMap":{},"fnMap":{},"branchMap":{},"s":{},"f":{},"b":{},"_coverageSchema":"1a1c01bbd47fc00a2c39e90264f33305004495a9","hash":"f5577aacc2d5fa43c3f5879de57be58279b421be"}
,"/Users/romain/Documents/Code/current-project/album-timelines-vuejs/src/data/beatles_artists.ts": {"path":"/Users/romain/Documents/Code/current-project/album-timelines-vuejs/src/data/beatles_artists.ts","statementMap":{},"fnMap":{},"branchMap":{},"s":{},"f":{},"b":{},"_coverageSchema":"1a1c01bbd47fc00a2c39e90264f33305004495a9","hash":"d107eb269dff62132748c40134319f80266d729f"}
,"/Users/romain/Documents/Code/current-project/album-timelines-vuejs/src/data/rolling_stones_albums.ts": {"path":"/Users/romain/Documents/Code/current-project/album-timelines-vuejs/src/data/rolling_stones_albums.ts","statementMap":{},"fnMap":{},"branchMap":{},"s":{},"f":{},"b":{},"_coverageSchema":"1a1c01bbd47fc00a2c39e90264f33305004495a9","hash":"c0bddd86fa9018ca45f314c067d6aad432383ea0"}
,"/Users/romain/Documents/Code/current-project/album-timelines-vuejs/src/data/rolling_stones_artists.ts": {"path":"/Users/romain/Documents/Code/current-project/album-timelines-vuejs/src/data/rolling_stones_artists.ts","statementMap":{},"fnMap":{},"branchMap":{},"s":{},"f":{},"b":{},"_coverageSchema":"1a1c01bbd47fc00a2c39e90264f33305004495a9","hash":"15922fb2aa77d124d6aa1a12ed4ab69c1b0cf33f"}
}
