TN:
SF:src/album.ts
FN:20,(anonymous_0)
FN:30,(anonymous_1)
FN:31,(anonymous_2)
FN:46,(anonymous_3)
FN:50,(anonymous_4)
FN:69,(anonymous_5)
FNF:6
FNH:5
FNDA:392,(anonymous_0)
FNDA:392,(anonymous_1)
FNDA:1032,(anonymous_2)
FNDA:392,(anonymous_3)
FNDA:646,(anonymous_4)
FNDA:0,(anonymous_5)
DA:21,392
DA:22,392
DA:23,392
DA:24,392
DA:25,392
DA:26,392
DA:27,392
DA:31,1032
DA:32,392
DA:39,294
DA:40,294
DA:42,98
DA:47,392
DA:51,646
DA:52,646
DA:53,646
DA:54,646
DA:55,646
DA:56,646
DA:57,646
DA:58,646
DA:64,646
DA:65,646
DA:66,646
DA:70,0
DA:72,0
LF:26
LH:24
BRDA:32,0,0,294
BRDA:32,0,1,98
BRDA:33,1,0,392
BRDA:33,1,1,331
BRDA:33,1,2,109
BRDA:33,1,3,103
BRDA:33,1,4,101
BRDA:47,2,0,1
BRDA:47,2,1,391
BRDA:61,3,0,331
BRDA:61,3,1,315
BRDA:64,4,0,331
BRDA:64,4,1,315
BRDA:65,5,0,331
BRDA:65,5,1,315
BRF:15
BRH:15
end_of_record
TN:
SF:src/album_cover.ts
FN:9,(anonymous_0)
FN:21,(anonymous_1)
FNF:2
FNH:2
FNDA:395,(anonymous_0)
FNDA:1,(anonymous_1)
DA:10,395
DA:11,395
DA:15,395
DA:22,1
DA:23,1
DA:24,1
DA:25,1
DA:26,1
LF:8
LH:8
BRDA:12,0,0,0
BRDA:12,0,1,395
BRDA:16,1,0,15
BRDA:16,1,1,380
BRF:4
BRH:3
end_of_record
TN:
SF:src/artist.ts
FN:25,(anonymous_0)
FN:35,(anonymous_1)
FN:45,(anonymous_2)
FN:46,(anonymous_3)
FN:66,(anonymous_4)
FN:80,(anonymous_5)
FN:81,(anonymous_6)
FN:89,(anonymous_7)
FN:99,(anonymous_8)
FN:108,(anonymous_9)
FN:115,(anonymous_10)
FNF:11
FNH:11
FNDA:15,(anonymous_0)
FNDA:14,(anonymous_1)
FNDA:386,(anonymous_2)
FNDA:4757,(anonymous_3)
FNDA:341,(anonymous_4)
FNDA:14,(anonymous_5)
FNDA:766,(anonymous_6)
FNDA:21,(anonymous_7)
FNDA:21,(anonymous_8)
FNDA:21,(anonymous_9)
FNDA:644,(anonymous_10)
DA:26,15
DA:27,15
DA:28,15
DA:29,15
DA:30,15
DA:31,15
DA:32,15
DA:36,14
DA:37,386
DA:38,386
DA:39,386
DA:41,14
DA:42,14
DA:46,4757
DA:47,386
DA:48,301
DA:49,301
DA:51,85
DA:52,27
DA:53,27
DA:54,27
DA:56,58
DA:57,58
DA:58,13
DA:59,13
DA:60,13
DA:63,45
DA:67,341
DA:68,14
DA:69,14
DA:70,14
DA:72,327
DA:73,214
DA:75,327
DA:76,0
DA:81,14
DA:82,766
DA:83,108
DA:85,658
DA:90,21
DA:91,21
DA:92,21
DA:93,21
DA:94,21
DA:95,21
DA:96,21
DA:100,21
DA:101,21
DA:102,21
DA:103,21
DA:104,21
DA:105,21
DA:109,21
DA:110,21
DA:111,21
DA:112,21
DA:115,21
DA:116,644
DA:118,21
LF:59
LH:58
BRDA:39,0,0,341
BRDA:39,0,1,45
BRDA:47,1,0,301
BRDA:47,1,1,85
BRDA:51,2,0,27
BRDA:51,2,1,58
BRDA:56,3,0,58
BRDA:56,3,1,0
BRDA:57,4,0,13
BRDA:57,4,1,45
BRDA:67,5,0,14
BRDA:67,5,1,327
BRDA:72,6,0,214
BRDA:72,6,1,113
BRDA:75,7,0,0
BRDA:75,7,1,327
BRDA:82,8,0,108
BRDA:82,8,1,658
BRF:18
BRH:16
end_of_record
TN:
SF:src/helpers.ts
FN:1,normalizeString
FNF:1
FNH:1
FNDA:23,normalizeString
DA:2,23
LF:1
LH:1
BRF:0
BRH:0
end_of_record
TN:
SF:src/style.ts
FNF:0
FNH:0
DA:1,3
DA:2,3
DA:3,3
DA:5,3
LF:4
LH:4
BRF:0
BRH:0
end_of_record
TN:
SF:src/timelines.ts
FN:13,(anonymous_0)
FN:19,(anonymous_1)
FN:20,(anonymous_2)
FN:27,(anonymous_3)
FN:41,(anonymous_4)
FN:47,(anonymous_5)
FN:54,(anonymous_6)
FN:59,(anonymous_7)
FN:66,(anonymous_8)
FN:72,(anonymous_9)
FN:79,(anonymous_10)
FN:84,(anonymous_11)
FN:88,(anonymous_12)
FNF:13
FNH:13
FNDA:9,(anonymous_0)
FNDA:8,(anonymous_1)
FNDA:16,(anonymous_2)
FNDA:16,(anonymous_3)
FNDA:7,(anonymous_4)
FNDA:14,(anonymous_5)
FNDA:7,(anonymous_6)
FNDA:366,(anonymous_7)
FNDA:7,(anonymous_8)
FNDA:366,(anonymous_9)
FNDA:7,(anonymous_10)
FNDA:366,(anonymous_11)
FNDA:7,(anonymous_12)
DA:14,9
DA:15,9
DA:16,9
DA:20,8
DA:21,16
DA:22,16
DA:24,8
DA:28,16
DA:29,8
DA:30,8
DA:31,8
DA:33,8
DA:34,0
DA:36,8
DA:37,8
DA:42,7
DA:43,7
DA:44,7
DA:45,7
DA:46,7
DA:47,7
DA:48,14
DA:50,7
DA:51,7
DA:55,7
DA:56,7
DA:57,7
DA:58,7
DA:59,7
DA:60,366
DA:61,366
DA:63,7
DA:67,7
DA:68,7
DA:69,7
DA:73,366
DA:74,366
DA:75,366
DA:76,366
DA:81,7
DA:82,7
DA:84,366
DA:89,7
LF:43
LH:42
BRDA:28,0,0,8
BRDA:28,0,1,8
BRDA:33,1,0,0
BRDA:33,1,1,8
BRDA:36,2,0,8
BRDA:36,2,1,0
BRF:6
BRH:4
end_of_record
TN:
SF:src/data/beatles_albums.ts
FNF:0
FNH:0
LF:0
LH:0
BRF:0
BRH:0
end_of_record
TN:
SF:src/data/beatles_artists.ts
FNF:0
FNH:0
LF:0
LH:0
BRF:0
BRH:0
end_of_record
TN:
SF:src/data/rolling_stones_albums.ts
FNF:0
FNH:0
LF:0
LH:0
BRF:0
BRH:0
end_of_record
TN:
SF:src/data/rolling_stones_artists.ts
FNF:0
FNH:0
LF:0
LH:0
BRF:0
BRH:0
end_of_record
